SF:lib/core/network/network_info_native/network_info_native.dart
DA:8,1
DA:10,1
DA:11,2
LF:3
LH:3
end_of_record
SF:lib/core/database/hive_database.dart
DA:12,1
DA:17,0
DA:18,0
DA:19,0
DA:20,0
DA:22,0
DA:23,0
DA:24,0
DA:26,0
DA:27,0
DA:31,1
DA:32,3
DA:37,1
DA:42,2
DA:43,1
DA:48,1
DA:53,2
DA:54,1
DA:58,1
DA:62,2
DA:63,1
LF:21
LH:12
end_of_record
SF:lib/features/collect/data/models/collect_model.dart
DA:7,4
DA:12,4
DA:19,2
DA:20,2
DA:21,4
DA:22,4
DA:23,4
DA:24,4
DA:28,1
DA:29,1
DA:30,2
DA:31,2
DA:32,2
DA:33,2
DA:42,0
DA:44,0
DA:45,0
DA:46,0
DA:48,0
DA:49,0
DA:50,0
DA:51,0
DA:52,0
DA:56,0
DA:59,0
DA:60,0
DA:61,0
DA:62,0
DA:63,0
DA:64,0
DA:65,0
DA:66,0
DA:67,0
DA:70,0
DA:71,0
DA:73,0
DA:76,0
DA:77,0
DA:78,0
LF:39
LH:14
end_of_record
SF:lib/features/collect/data/models/geographic_coordinate_model.dart
DA:8,6
DA:13,6
DA:19,6
DA:20,1
DA:27,1
DA:31,1
DA:32,1
DA:33,1
DA:34,1
DA:35,1
DA:37,1
DA:38,1
DA:39,1
DA:40,1
DA:41,1
DA:42,1
DA:48,6
DA:53,6
DA:54,6
DA:55,12
DA:59,5
DA:60,0
DA:61,10
DA:68,1
DA:69,7
DA:70,2
DA:71,0
DA:72,2
DA:77,3
DA:78,3
DA:79,3
DA:80,3
DA:81,3
DA:82,6
DA:86,2
DA:87,2
DA:88,4
DA:89,4
DA:90,4
DA:91,4
DA:95,0
DA:97,0
DA:105,0
DA:107,0
DA:108,0
DA:109,0
DA:111,0
DA:112,0
DA:113,0
DA:114,0
DA:115,0
DA:119,0
DA:122,0
DA:123,0
DA:124,0
DA:125,0
DA:126,0
DA:127,0
DA:128,0
DA:129,0
DA:130,0
DA:133,0
DA:134,0
DA:136,0
DA:139,0
DA:140,0
DA:141,0
LF:67
LH:38
end_of_record
SF:lib/features/collect/domain/entities/cardinal_point.dart
DA:3,7
DA:18,3
DA:20,3
DA:22,3
DA:24,2
DA:26,1
DA:31,2
DA:32,2
DA:33,10
DA:34,0
DA:35,0
DA:45,0
DA:47,0
DA:48,0
DA:50,0
DA:52,0
DA:54,0
DA:61,0
DA:64,0
DA:65,0
DA:67,0
DA:68,0
DA:70,0
DA:71,0
DA:73,0
DA:74,0
DA:79,0
DA:80,0
DA:82,0
DA:85,0
DA:86,0
DA:87,0
LF:32
LH:9
end_of_record
SF:lib/features/collect/domain/entities/collect.dart
DA:11,5
DA:18,1
DA:19,1
DA:20,1
DA:21,1
DA:22,1
DA:23,1
LF:7
LH:7
end_of_record
SF:lib/core/error/exceptions/invalid_geographic_coordinate_exception.dart
DA:7,1
DA:12,0
DA:14,0
DA:15,0
DA:16,0
DA:17,0
DA:18,0
DA:19,0
DA:20,0
LF:9
LH:1
end_of_record
SF:lib/features/collect/domain/entities/geographic_coordinate.dart
DA:11,6
DA:18,2
DA:19,2
DA:20,4
DA:21,4
DA:22,4
DA:23,2
LF:7
LH:7
end_of_record
SF:lib/core/network/network_info_web/network_info_web.dart
DA:4,1
DA:7,2
LF:2
LH:2
end_of_record
SF:lib/core/error/exceptions/server_exception.dart
DA:3,4
DA:13,3
LF:2
LH:2
end_of_record
SF:lib/core/service/dio_service.dart
DA:10,1
DA:13,1
DA:18,3
DA:23,1
DA:24,1
DA:25,2
DA:26,1
DA:27,2
DA:28,2
DA:30,1
DA:31,1
DA:33,1
DA:34,1
DA:35,1
DA:36,1
DA:37,1
DA:38,1
DA:39,2
DA:40,2
DA:42,1
DA:43,1
DA:45,1
DA:46,2
DA:51,1
DA:53,1
DA:55,1
DA:57,1
DA:59,1
DA:61,1
DA:63,1
LF:30
LH:30
end_of_record
SF:lib/core/service/response_service/response_service.dart
DA:10,4
DA:18,1
DA:19,1
DA:20,1
DA:21,1
DA:22,1
DA:23,1
DA:24,1
LF:8
LH:8
end_of_record
SF:lib/core/usecases/usecase.dart
DA:10,1
LF:1
LH:1
end_of_record
SF:lib/core/error/failure.dart
DA:6,0
DA:8,0
DA:9,0
LF:3
LH:0
end_of_record
SF:lib/features/collect/data/datasources/collect_local_data_source.dart
DA:16,1
DA:21,1
DA:25,3
DA:26,1
DA:27,1
DA:28,3
DA:36,1
DA:40,3
DA:41,1
DA:42,1
DA:43,3
LF:11
LH:11
end_of_record
SF:lib/features/collect/data/datasources/collect_remote_data_source.dart
DA:14,1
DA:19,1
DA:20,3
DA:22,1
DA:24,2
DA:25,1
DA:27,1
LF:7
LH:7
end_of_record
SF:lib/features/collect/data/repositories/collect_repository_impl.dart
DA:16,1
DA:23,1
DA:26,1
DA:27,3
DA:29,3
DA:32,2
DA:36,1
DA:41,2
DA:47,1
DA:50,3
DA:56,1
DA:59,3
LF:12
LH:12
end_of_record
SF:lib/features/collect/domain/usecases/insert_new_collect.dart
DA:12,1
DA:15,1
DA:16,4
DA:23,1
DA:25,0
DA:26,0
LF:6
LH:4
end_of_record
SF:lib/features/splash_screen/presentation/cubit/splash_screen_state.dart
DA:6,1
DA:8,1
DA:9,2
LF:3
LH:3
end_of_record
SF:lib/features/splash_screen/presentation/cubit/splash_screen_cubit.dart
DA:10,3
DA:12,1
DA:13,3
DA:14,2
DA:18,1
DA:19,1
DA:20,3
LF:7
LH:7
end_of_record
