SF:lib/core/network/network_info_native/network_info_native.dart
DA:8,1
DA:10,1
DA:11,2
LF:3
LH:3
end_of_record
SF:lib/core/network/network_info_web/network_info_web.dart
DA:4,1
DA:7,2
LF:2
LH:2
end_of_record
SF:lib/core/database/hive_database.dart
DA:12,1
DA:17,0
DA:18,0
DA:19,0
DA:20,0
DA:22,0
DA:23,0
DA:24,0
DA:26,0
DA:27,0
DA:32,1
DA:33,3
DA:38,1
DA:43,2
DA:44,1
DA:49,1
DA:54,2
DA:55,1
DA:59,1
DA:63,2
DA:64,1
LF:21
LH:12
end_of_record
SF:lib/features/collect/data/models/collect_model.dart
DA:10,5
DA:17,5
DA:24,2
DA:25,2
DA:26,4
DA:27,4
DA:28,4
DA:29,4
DA:33,1
DA:34,1
DA:35,2
DA:36,2
DA:37,2
DA:38,2
DA:47,0
DA:49,0
DA:50,0
DA:51,0
DA:53,0
DA:54,0
DA:55,0
DA:56,0
DA:57,0
DA:61,0
DA:64,0
DA:65,0
DA:66,0
DA:67,0
DA:68,0
DA:69,0
DA:70,0
DA:71,0
DA:72,0
DA:75,0
DA:76,0
DA:78,0
DA:81,0
DA:82,0
DA:83,0
LF:39
LH:14
end_of_record
SF:lib/features/collect/data/models/geographic_coordinate_model.dart
DA:7,7
DA:12,7
DA:19,3
DA:20,3
DA:21,3
DA:22,3
DA:23,3
DA:24,6
DA:28,2
DA:29,2
DA:30,4
DA:31,4
DA:32,4
DA:33,4
DA:37,1
DA:41,1
DA:42,1
DA:43,1
DA:44,1
DA:45,1
DA:47,1
DA:48,1
DA:49,1
DA:50,1
DA:51,1
DA:52,1
DA:58,0
DA:60,0
DA:68,0
DA:70,0
DA:71,0
DA:72,0
DA:74,0
DA:75,0
DA:76,0
DA:77,0
DA:78,0
DA:82,0
DA:85,0
DA:86,0
DA:87,0
DA:88,0
DA:89,0
DA:90,0
DA:91,0
DA:92,0
DA:93,0
DA:96,0
DA:97,0
DA:99,0
DA:102,0
DA:103,0
DA:104,0
LF:53
LH:26
end_of_record
SF:lib/features/collect/domain/entities/cardinal_point.dart
DA:3,10
DA:18,3
DA:20,3
DA:22,3
DA:24,2
DA:26,1
DA:31,2
DA:32,2
DA:33,10
DA:34,0
DA:35,0
DA:45,0
DA:47,0
DA:48,0
DA:50,0
DA:52,0
DA:54,0
DA:61,0
DA:64,0
DA:65,0
DA:67,0
DA:68,0
DA:70,0
DA:71,0
DA:73,0
DA:74,0
DA:79,0
DA:80,0
DA:82,0
DA:85,0
DA:86,0
DA:87,0
LF:32
LH:9
end_of_record
SF:lib/core/error/failure.dart
DA:6,2
DA:8,1
DA:9,1
LF:3
LH:3
end_of_record
SF:lib/core/usecases/usecase.dart
DA:10,1
LF:1
LH:1
end_of_record
SF:lib/core/error/exceptions/invalid_geographic_coordinate_exception.dart
DA:7,1
DA:12,0
DA:14,0
DA:15,0
DA:16,0
DA:17,0
DA:18,0
DA:19,0
DA:20,0
LF:9
LH:1
end_of_record
SF:lib/core/utils/duration_converter/duration_converter.dart
DA:11,1
DA:12,3
DA:13,2
DA:14,2
DA:15,2
DA:18,1
DA:19,1
DA:20,1
DA:21,1
DA:22,2
DA:24,1
DA:25,1
DA:26,1
DA:28,1
DA:29,2
DA:31,1
DA:32,2
DA:34,1
DA:35,2
DA:37,1
DA:38,1
LF:21
LH:21
end_of_record
SF:lib/features/collect/domain/entities/collect.dart
DA:11,6
DA:18,2
DA:19,2
DA:20,2
DA:21,2
DA:22,2
DA:23,2
LF:7
LH:7
end_of_record
SF:lib/features/collect/domain/entities/geographic_coordinate.dart
DA:12,7
DA:18,21
DA:19,1
DA:20,1
DA:21,1
DA:26,7
DA:27,49
DA:28,14
DA:29,14
DA:30,14
DA:35,7
DA:36,14
DA:37,7
DA:38,7
DA:39,7
DA:40,14
DA:44,6
DA:45,0
DA:46,12
DA:53,3
DA:54,3
DA:55,6
DA:56,6
DA:57,6
DA:58,3
LF:25
LH:24
end_of_record
SF:lib/features/collect/domain/usecases/insert_new_collect.dart
DA:12,1
DA:15,1
DA:16,4
DA:23,2
DA:25,1
DA:26,2
LF:6
LH:6
end_of_record
SF:lib/features/collect/domain/usecases/validate_geographic_coordinate.dart
DA:20,0
DA:24,0
DA:25,0
DA:26,0
DA:27,0
DA:28,0
DA:29,0
DA:31,0
DA:38,0
DA:39,0
DA:43,0
DA:46,0
DA:47,0
DA:51,0
DA:54,0
DA:55,0
DA:62,0
DA:66,0
DA:67,0
DA:68,0
DA:69,0
DA:70,0
DA:71,0
DA:72,0
DA:73,0
DA:74,0
DA:75,0
DA:76,0
DA:77,0
DA:79,0
DA:80,0
DA:81,0
DA:83,0
DA:96,2
DA:102,0
DA:103,0
DA:105,1
DA:106,1
LF:38
LH:3
end_of_record
SF:lib/features/collect/presentation/cubit/add_collect_state.dart
DA:6,1
DA:8,1
DA:9,2
DA:21,3
DA:25,2
DA:29,2
DA:33,2
LF:7
LH:7
end_of_record
SF:lib/features/collect/presentation/cubit/add_collect_cubit.dart
DA:44,1
DA:51,2
DA:53,0
DA:54,0
DA:61,0
DA:62,0
DA:69,0
DA:70,0
DA:84,0
DA:86,0
DA:87,0
DA:88,0
DA:90,0
DA:91,0
DA:93,0
DA:98,0
DA:99,0
DA:100,0
DA:104,1
DA:105,2
DA:106,2
DA:107,2
DA:109,2
DA:110,2
DA:111,1
DA:112,2
DA:113,2
DA:117,3
DA:118,1
DA:119,2
DA:120,2
DA:123,2
DA:124,1
DA:125,2
DA:127,1
DA:128,2
DA:130,1
DA:131,2
DA:133,1
DA:134,2
DA:137,1
DA:138,1
DA:139,1
DA:140,1
DA:141,1
DA:142,1
DA:143,1
DA:144,1
DA:146,1
DA:147,1
DA:148,1
DA:149,1
DA:150,1
DA:152,1
DA:153,1
DA:158,3
DA:159,1
DA:161,2
DA:162,2
DA:163,1
DA:164,1
DA:165,2
DA:171,0
DA:172,0
DA:173,0
DA:174,0
DA:175,0
DA:179,1
DA:180,2
DA:181,2
DA:182,2
LF:71
LH:50
end_of_record
SF:lib/core/error/exceptions/server_exception.dart
DA:3,4
DA:13,3
LF:2
LH:2
end_of_record
SF:lib/core/service/dio_service.dart
DA:10,1
DA:13,1
DA:18,3
DA:23,1
DA:24,1
DA:25,2
DA:26,1
DA:27,2
DA:28,2
DA:30,1
DA:31,1
DA:33,1
DA:34,1
DA:35,1
DA:36,1
DA:37,1
DA:38,1
DA:39,2
DA:40,2
DA:42,1
DA:43,1
DA:45,1
DA:46,2
DA:51,1
DA:53,1
DA:55,1
DA:57,1
DA:59,1
DA:61,1
DA:63,1
LF:30
LH:30
end_of_record
SF:lib/core/service/response_service/response_service.dart
DA:10,4
DA:18,1
DA:19,1
DA:20,1
DA:21,1
DA:22,1
DA:23,1
DA:24,1
LF:8
LH:8
end_of_record
SF:lib/features/collect/data/datasources/collect_local_data_source.dart
DA:16,1
DA:21,1
DA:24,3
DA:27,1
DA:29,1
DA:30,1
DA:31,3
DA:39,1
DA:42,3
DA:45,1
DA:47,1
DA:48,1
DA:49,3
LF:13
LH:13
end_of_record
SF:lib/features/collect/data/datasources/collect_remote_data_source.dart
DA:16,1
DA:21,1
DA:22,3
DA:24,1
DA:26,2
DA:27,1
DA:29,1
LF:7
LH:7
end_of_record
SF:lib/features/collect/data/repositories/collect_repository_impl.dart
DA:16,1
DA:23,1
DA:26,1
DA:27,3
DA:29,3
DA:32,2
DA:36,1
DA:41,2
DA:47,1
DA:50,3
DA:56,1
DA:59,3
LF:12
LH:12
end_of_record
SF:lib/features/splash_screen/presentation/cubit/splash_screen_state.dart
DA:6,1
DA:8,1
DA:9,2
LF:3
LH:3
end_of_record
SF:lib/features/splash_screen/presentation/cubit/splash_screen_cubit.dart
DA:14,3
DA:16,1
DA:17,2
DA:18,2
DA:19,1
DA:20,2
DA:21,2
DA:25,1
DA:26,1
DA:27,4
LF:10
LH:10
end_of_record
SF:lib/core/spacers/spacers.dart
DA:5,1
DA:7,0
DA:9,0
DA:10,0
DA:17,1
DA:19,0
DA:21,0
DA:22,0
LF:8
LH:2
end_of_record
SF:lib/features/splash_screen/presentation/pages/splash_screen_page.dart
DA:11,1
DA:13,0
DA:14,0
DA:19,0
DA:21,0
DA:22,0
DA:25,0
DA:27,0
DA:28,0
DA:31,0
DA:33,0
DA:34,0
DA:35,0
DA:36,0
DA:37,0
DA:42,0
DA:43,0
DA:44,0
DA:45,0
DA:47,0
DA:48,0
LF:21
LH:1
end_of_record
SF:lib/features/collect/presentation/pages/add_collect_page.dart
DA:11,1
DA:13,0
DA:14,0
DA:19,0
DA:21,0
DA:22,0
DA:23,0
DA:24,0
DA:25,0
DA:26,0
DA:27,0
DA:28,0
DA:35,0
DA:36,0
DA:37,0
DA:39,0
DA:41,0
DA:43,0
DA:48,0
DA:49,0
DA:51,0
DA:52,0
DA:53,0
DA:55,0
DA:56,0
DA:57,0
DA:62,0
DA:63,0
DA:65,0
DA:66,0
DA:68,0
DA:69,0
DA:70,0
DA:72,0
DA:73,0
DA:74,0
DA:80,0
DA:87,0
DA:88,0
DA:89,0
DA:90,0
DA:95,0
DA:96,0
DA:97,0
DA:107,0
DA:108,0
DA:111,0
DA:113,0
DA:114,0
DA:115,0
DA:118,0
DA:119,0
DA:121,0
DA:123,0
DA:124,0
DA:125,0
DA:126,0
DA:127,0
DA:128,0
DA:129,0
DA:130,0
DA:141,0
DA:142,0
DA:147,0
DA:155,0
DA:157,0
DA:159,0
DA:160,0
DA:165,0
DA:175,0
DA:186,0
DA:188,0
DA:196,0
DA:198,0
DA:201,0
DA:212,0
DA:213,0
DA:214,0
LF:78
LH:1
end_of_record
